<?xml version="1.0" encoding="UTF-8"?>
<!-- Generated by org.testng.reporters.JUnitXMLReporter -->
<testsuite hostname="Portatil" ignored="0" name="RetailShop Test" tests="1" failures="1" timestamp="2020-08-14T18:14:33 CLT" time="1.254" errors="0">
  <testcase name="@BeforeClass setup" time="-1.597439672422E9" classname="com.retailShop.testCases.ClaseBase">
    <failure type="org.testng.TestNGException" message="
Can inject only one of &amp;lt;ITestContext, XmlTest&amp;gt; into a @BeforeClass annotated setup.
For more information on native dependency injection please refer to http://testng.org/doc/documentation-main.html#native-dependency-injection">
      <![CDATA[org.testng.TestNGException: 
Can inject only one of <ITestContext, XmlTest> into a @BeforeClass annotated setup.
For more information on native dependency injection please refer to http://testng.org/doc/documentation-main.html#native-dependency-injection
at java.util.ArrayList.forEach(ArrayList.java:1249)
... Removed 25 stack frames]]>
    </failure>
  </testcase> <!-- @BeforeClass setup -->
  <testcase name="@AfterClass tearDown" time="-1.597439673651E9" classname="com.retailShop.testCases.ClaseBase">
    <skipped/>
  </testcase> <!-- @AfterClass tearDown -->
  <testcase name="registrar" time="1.206" classname="com.retailShop.testCases.ATC_RegisterTest_001">
    <failure type="org.testng.internal.reflect.MethodMatcherException" message="
[public void com.retailShop.testCases.ATC_RegisterTest_001.registrar(java.lang.String,java.lang.String,java.lang.String)] has no parameters defined but was found to be using a data provider (either explicitly specified or inherited from class level annotation).
Data provider mismatch
Method: registrar([Parameter{index=0, type=java.lang.String, declaredAnnotations=[]}, Parameter{index=1, type=java.lang.String, declaredAnnotations=[]}, Parameter{index=2, type=java.lang.String, declaredAnnotations=[]}])
Arguments: [(java.lang.String) Mr]">
      <![CDATA[org.testng.internal.reflect.MethodMatcherException: 
[public void com.retailShop.testCases.ATC_RegisterTest_001.registrar(java.lang.String,java.lang.String,java.lang.String)] has no parameters defined but was found to be using a data provider (either explicitly specified or inherited from class level annotation).
Data provider mismatch
Method: registrar([Parameter{index=0, type=java.lang.String, declaredAnnotations=[]}, Parameter{index=1, type=java.lang.String, declaredAnnotations=[]}, Parameter{index=2, type=java.lang.String, declaredAnnotations=[]}])
Arguments: [(java.lang.String) Mr]
at java.util.ArrayList.forEach(ArrayList.java:1249)
... Removed 25 stack frames]]>
    </failure>
  </testcase> <!-- registrar -->
</testsuite> <!-- RetailShop Test -->
