<?xml version="1.0" encoding="UTF-8"?>
<testng-results skipped="0" failed="0" total="1" passed="1">
  <reporter-output>
  </reporter-output>
  <suite name="RetailShop" duration-ms="21399" started-at="2020-08-14T23:37:05Z" finished-at="2020-08-14T23:37:27Z">
    <groups>
    </groups>
    <test name="RetailShop Test" duration-ms="21399" started-at="2020-08-14T23:37:05Z" finished-at="2020-08-14T23:37:27Z">
      <class name="com.retailShop.testCases.ATC_RegisterTest_001">
        <test-method status="PASS" signature="setup(java.lang.String)[pri:0, instance:com.retailShop.testCases.ATC_RegisterTest_001@6b71769e]" name="setup" is-config="true" duration-ms="11716" started-at="2020-08-14T20:37:05Z" finished-at="2020-08-14T20:37:17Z">
          <params>
            <param index="0">
              <value>
                <![CDATA[chrome]]>
              </value>
            </param>
          </params>
          <reporter-output>
          </reporter-output>
        </test-method> <!-- setup -->
        <test-method status="PASS" signature="registrar(java.lang.String, java.lang.String)[pri:0, instance:com.retailShop.testCases.ATC_RegisterTest_001@6b71769e]" name="registrar" duration-ms="5955" started-at="2020-08-14T20:37:20Z" data-provider="registerData" finished-at="2020-08-14T20:37:26Z">
          <params>
            <param index="0">
              <value>
                <![CDATA[pruebaqahome@prueba.com]]>
              </value>
            </param>
            <param index="1">
              <value>
                <![CDATA[Mr]]>
              </value>
            </param>
          </params>
          <reporter-output>
          </reporter-output>
        </test-method> <!-- registrar -->
        <test-method status="PASS" signature="tearDown()[pri:0, instance:com.retailShop.testCases.ATC_RegisterTest_001@6b71769e]" name="tearDown" is-config="true" duration-ms="879" started-at="2020-08-14T20:37:26Z" finished-at="2020-08-14T20:37:27Z">
          <reporter-output>
          </reporter-output>
        </test-method> <!-- tearDown -->
      </class> <!-- com.retailShop.testCases.ATC_RegisterTest_001 -->
    </test> <!-- RetailShop Test -->
  </suite> <!-- RetailShop -->
</testng-results>
